<?xml version="1.0" encoding="UTF-8"?>
<!-- Generated by org.testng.reporters.JUnitReportReporter -->
<testsuite hostname="DESKTOP-HU32N3R" failures="0" tests="1" name="com.mindtree.Runner.Tc_007_Runner" time="38.206" errors="0" timestamp="2021-11-17T02:09:57 IST" skipped="0">
  <testcase classname="com.mindtree.Runner.Tc_007_Runner" name="runScenario" time="38.206"/>
  <system-out/>
</testsuite> <!-- com.mindtree.Runner.Tc_007_Runner -->
