<?xml version="1.0" encoding="UTF-8"?>
<!-- Generated by org.testng.reporters.JUnitReportReporter -->
<testsuite hostname="DESKTOP-HU32N3R" failures="0" tests="1" name="com.mindtree.Runner.Tc_005_Runner" time="4.400" errors="0" timestamp="2021-11-17T02:26:09 IST" skipped="0">
  <testcase classname="com.mindtree.Runner.Tc_005_Runner" name="Case1" time="4.400"/>
  <system-out/>
</testsuite> <!-- com.mindtree.Runner.Tc_005_Runner -->
